DEBUG:simulator.py:71 -        simulate_step(): Executing Step: 0
DEBUG:simulator.py:88 -        simulate_step(): 	Car A: Move Forward North from (1,2) to (1,3). [Success]
DEBUG:simulator.py:88 -        simulate_step(): 	Car B: Move Forward West from (7,8) to (6,8). [Success]
DEBUG:simulator.py:71 -        simulate_step(): Executing Step: 1
DEBUG:simulator.py:88 -        simulate_step(): 	Car A: Move Forward North from (1,3) to (1,4). [Success]
DEBUG:simulator.py:88 -        simulate_step(): 	Car B: Move Forward West from (6,8) to (5,8). [Success]
DEBUG:simulator.py:71 -        simulate_step(): Executing Step: 2
DEBUG:simulator.py:83 -        simulate_step(): 	Car A: Rotate Right from North to East. [Success]
DEBUG:simulator.py:80 -        simulate_step(): 	Car B: Rotate Left from West to South. [Success]
DEBUG:simulator.py:71 -        simulate_step(): Executing Step: 3
DEBUG:simulator.py:88 -        simulate_step(): 	Car A: Move Forward East from (1,4) to (2,4). [Success]
DEBUG:simulator.py:88 -        simulate_step(): 	Car B: Move Forward South from (5,8) to (5,7). [Success]
DEBUG:simulator.py:71 -        simulate_step(): Executing Step: 4
DEBUG:simulator.py:88 -        simulate_step(): 	Car A: Move Forward East from (2,4) to (3,4). [Success]
DEBUG:simulator.py:88 -        simulate_step(): 	Car B: Move Forward South from (5,7) to (5,6). [Success]
DEBUG:simulator.py:71 -        simulate_step(): Executing Step: 5
DEBUG:simulator.py:88 -        simulate_step(): 	Car A: Move Forward East from (3,4) to (4,4). [Success]
DEBUG:simulator.py:88 -        simulate_step(): 	Car B: Move Forward South from (5,6) to (5,5). [Success]
DEBUG:simulator.py:71 -        simulate_step(): Executing Step: 6
DEBUG:simulator.py:88 -        simulate_step(): 	Car A: Move Forward East from (4,4) to (5,4). [Success]
DEBUG:simulator.py:88 -        simulate_step(): 	Car B: Move Forward South from (5,5) to (5,4). [Success]
DEBUG:simulator.py:66 -        simulate_step(): Executing Step: 0
DEBUG:simulator.py:83 -        simulate_step(): 	Car A: Move Forward North from (0,0) to (0,1). [Success]
DEBUG:simulator.py:66 -        simulate_step(): Executing Step: 1
DEBUG:simulator.py:83 -        simulate_step(): 	Car A: Move Forward North from (0,1) to (0,2). [Success]
DEBUG:simulator.py:66 -        simulate_step(): Executing Step: 2
DEBUG:simulator.py:83 -        simulate_step(): 	Car A: Move Forward North from (0,2) to (0,3). [Success]
DEBUG:simulator.py:66 -        simulate_step(): Executing Step: 3
DEBUG:simulator.py:83 -        simulate_step(): 	Car A: Move Forward North from (0,3) to (0,4). [Success]
DEBUG:simulator.py:66 -        simulate_step(): Executing Step: 0
DEBUG:simulator.py:83 -        simulate_step(): 	Car A: Move Forward North from (0,0) to (0,1). [Success]
DEBUG:simulator.py:83 -        simulate_step(): 	Car B: Move Forward North from (0,1) to (0,2). [Success]
DEBUG:simulator.py:66 -        simulate_step(): Executing Step: 1
DEBUG:simulator.py:83 -        simulate_step(): 	Car A: Move Forward North from (0,1) to (0,2). [Success]
DEBUG:simulator.py:83 -        simulate_step(): 	Car B: Move Forward North from (0,2) to (0,3). [Success]
DEBUG:simulator.py:66 -        simulate_step(): Executing Step: 2
DEBUG:simulator.py:83 -        simulate_step(): 	Car A: Move Forward North from (0,2) to (0,3). [Success]
DEBUG:simulator.py:83 -        simulate_step(): 	Car B: Move Forward North from (0,3) to (0,4). [Success]
DEBUG:simulator.py:66 -        simulate_step(): Executing Step: 3
DEBUG:simulator.py:83 -        simulate_step(): 	Car A: Move Forward North from (0,3) to (0,4). [Success]
DEBUG:simulator.py:83 -        simulate_step(): 	Car B: Move Forward North from (0,4) to (0,5). [Success]
DEBUG:simulator.py:66 -        simulate_step(): Executing Step: 0
DEBUG:simulator.py:83 -        simulate_step(): 	Car A: Move Forward North from (0,0) to (0,1). [Success]
DEBUG:simulator.py:83 -        simulate_step(): 	Car B: Move Forward North from (0,1) to (0,2). [Success]
DEBUG:simulator.py:83 -        simulate_step(): 	Car JEN NY: Move Forward South from (1,1) to (1,0). [Success]
DEBUG:simulator.py:66 -        simulate_step(): Executing Step: 1
DEBUG:simulator.py:83 -        simulate_step(): 	Car A: Move Forward North from (0,1) to (0,2). [Success]
DEBUG:simulator.py:83 -        simulate_step(): 	Car B: Move Forward North from (0,2) to (0,3). [Success]
DEBUG:simulator.py:85 -        simulate_step(): 	Car JEN NY: Move Forward South from (1,0) to (1,-1). [Failed]
DEBUG:simulator.py:66 -        simulate_step(): Executing Step: 2
DEBUG:simulator.py:83 -        simulate_step(): 	Car A: Move Forward North from (0,2) to (0,3). [Success]
DEBUG:simulator.py:78 -        simulate_step(): 	Car JEN NY: Rotate Right from South to West. [Success]
DEBUG:simulator.py:66 -        simulate_step(): Executing Step: 3
DEBUG:simulator.py:83 -        simulate_step(): 	Car JEN NY: Move Forward West from (1,0) to (0,0). [Success]
DEBUG:simulator.py:66 -        simulate_step(): Executing Step: 4
DEBUG:simulator.py:85 -        simulate_step(): 	Car JEN NY: Move Forward West from (0,0) to (-1,0). [Failed]
DEBUG:simulator.py:66 -        simulate_step(): Executing Step: 5
DEBUG:simulator.py:78 -        simulate_step(): 	Car JEN NY: Rotate Right from West to North. [Success]
DEBUG:simulator.py:66 -        simulate_step(): Executing Step: 6
DEBUG:simulator.py:78 -        simulate_step(): 	Car JEN NY: Rotate Right from North to East. [Success]
DEBUG:simulator.py:66 -        simulate_step(): Executing Step: 7
DEBUG:simulator.py:83 -        simulate_step(): 	Car JEN NY: Move Forward East from (0,0) to (1,0). [Success]
DEBUG:simulator.py:66 -        simulate_step(): Executing Step: 8
DEBUG:simulator.py:83 -        simulate_step(): 	Car JEN NY: Move Forward East from (1,0) to (2,0). [Success]
DEBUG:simulator.py:66 -        simulate_step(): Executing Step: 9
DEBUG:simulator.py:78 -        simulate_step(): 	Car JEN NY: Rotate Right from East to South. [Success]
DEBUG:simulator.py:66 -        simulate_step(): Executing Step: 10
DEBUG:simulator.py:85 -        simulate_step(): 	Car JEN NY: Move Forward South from (2,0) to (2,-1). [Failed]
DEBUG:simulator.py:66 -        simulate_step(): Executing Step: 11
DEBUG:simulator.py:78 -        simulate_step(): 	Car JEN NY: Rotate Right from South to West. [Success]
DEBUG:simulator.py:66 -        simulate_step(): Executing Step: 12
DEBUG:simulator.py:83 -        simulate_step(): 	Car JEN NY: Move Forward West from (2,0) to (1,0). [Success]
DEBUG:simulator.py:66 -        simulate_step(): Executing Step: 13
DEBUG:simulator.py:78 -        simulate_step(): 	Car JEN NY: Rotate Right from West to North. [Success]
DEBUG:simulator.py:66 -        simulate_step(): Executing Step: 14
DEBUG:simulator.py:83 -        simulate_step(): 	Car JEN NY: Move Forward North from (1,0) to (1,1). [Success]
DEBUG:simulator.py:66 -        simulate_step(): Executing Step: 15
DEBUG:simulator.py:78 -        simulate_step(): 	Car JEN NY: Rotate Right from North to East. [Success]
DEBUG:simulator.py:66 -        simulate_step(): Executing Step: 16
DEBUG:simulator.py:83 -        simulate_step(): 	Car JEN NY: Move Forward East from (1,1) to (2,1). [Success]
DEBUG:simulator.py:66 -        simulate_step(): Executing Step: 17
DEBUG:simulator.py:78 -        simulate_step(): 	Car JEN NY: Rotate Right from East to South. [Success]
DEBUG:simulator.py:66 -        simulate_step(): Executing Step: 18
DEBUG:simulator.py:83 -        simulate_step(): 	Car JEN NY: Move Forward South from (2,1) to (2,0). [Success]
DEBUG:simulator.py:66 -        simulate_step(): Executing Step: 19
DEBUG:simulator.py:75 -        simulate_step(): 	Car JEN NY: Rotate Left from South to East. [Success]
DEBUG:simulator.py:66 -        simulate_step(): Executing Step: 20
DEBUG:simulator.py:75 -        simulate_step(): 	Car JEN NY: Rotate Left from East to North. [Success]
DEBUG:simulator.py:66 -        simulate_step(): Executing Step: 21
DEBUG:simulator.py:83 -        simulate_step(): 	Car JEN NY: Move Forward North from (2,0) to (2,1). [Success]
DEBUG:simulator.py:66 -        simulate_step(): Executing Step: 22
DEBUG:simulator.py:83 -        simulate_step(): 	Car JEN NY: Move Forward North from (2,1) to (2,2). [Success]
DEBUG:simulator.py:72 -        simulate_step(): Executing Step: 0
DEBUG:simulator.py:72 -        simulate_step(): Executing Step: 0
DEBUG:simulator.py:89 -        simulate_step(): 	Car A: Move Forward North from (0,0) to (0,1). [Success]
DEBUG:simulator.py:72 -        simulate_step(): Executing Step: 1
DEBUG:simulator.py:89 -        simulate_step(): 	Car A: Move Forward North from (0,1) to (0,2). [Success]
DEBUG:simulator.py:72 -        simulate_step(): Executing Step: 2
DEBUG:simulator.py:89 -        simulate_step(): 	Car A: Move Forward North from (0,2) to (0,3). [Success]
DEBUG:simulator.py:72 -        simulate_step(): Executing Step: 0
DEBUG:simulator.py:89 -        simulate_step(): 	Car A: Move Forward North from (0,0) to (0,1). [Success]
DEBUG:simulator.py:89 -        simulate_step(): 	Car B: Move Forward North from (0,1) to (0,2). [Success]
DEBUG:simulator.py:89 -        simulate_step(): 	Car C: Move Forward South from (1,1) to (1,0). [Success]
DEBUG:simulator.py:72 -        simulate_step(): Executing Step: 1
DEBUG:simulator.py:89 -        simulate_step(): 	Car A: Move Forward North from (0,1) to (0,2). [Success]
DEBUG:simulator.py:89 -        simulate_step(): 	Car B: Move Forward North from (0,2) to (0,3). [Success]
DEBUG:simulator.py:91 -        simulate_step(): 	Car C: Move Forward South from (1,0) to (1,-1). [Failed]
DEBUG:simulator.py:72 -        simulate_step(): Executing Step: 2
DEBUG:simulator.py:89 -        simulate_step(): 	Car A: Move Forward North from (0,2) to (0,3). [Success]
DEBUG:simulator.py:84 -        simulate_step(): 	Car C: Rotate Right from South to West. [Success]
DEBUG:simulator.py:72 -        simulate_step(): Executing Step: 3
DEBUG:simulator.py:89 -        simulate_step(): 	Car C: Move Forward West from (1,0) to (0,0). [Success]
DEBUG:simulator.py:72 -        simulate_step(): Executing Step: 4
DEBUG:simulator.py:91 -        simulate_step(): 	Car C: Move Forward West from (0,0) to (-1,0). [Failed]
DEBUG:simulator.py:72 -        simulate_step(): Executing Step: 5
DEBUG:simulator.py:84 -        simulate_step(): 	Car C: Rotate Right from West to North. [Success]
DEBUG:simulator.py:72 -        simulate_step(): Executing Step: 6
DEBUG:simulator.py:84 -        simulate_step(): 	Car C: Rotate Right from North to East. [Success]
DEBUG:simulator.py:72 -        simulate_step(): Executing Step: 7
DEBUG:simulator.py:89 -        simulate_step(): 	Car C: Move Forward East from (0,0) to (1,0). [Success]
DEBUG:simulator.py:72 -        simulate_step(): Executing Step: 8
DEBUG:simulator.py:89 -        simulate_step(): 	Car C: Move Forward East from (1,0) to (2,0). [Success]
DEBUG:simulator.py:72 -        simulate_step(): Executing Step: 9
DEBUG:simulator.py:84 -        simulate_step(): 	Car C: Rotate Right from East to South. [Success]
DEBUG:simulator.py:72 -        simulate_step(): Executing Step: 10
DEBUG:simulator.py:91 -        simulate_step(): 	Car C: Move Forward South from (2,0) to (2,-1). [Failed]
DEBUG:simulator.py:72 -        simulate_step(): Executing Step: 11
DEBUG:simulator.py:84 -        simulate_step(): 	Car C: Rotate Right from South to West. [Success]
DEBUG:simulator.py:72 -        simulate_step(): Executing Step: 12
DEBUG:simulator.py:89 -        simulate_step(): 	Car C: Move Forward West from (2,0) to (1,0). [Success]
DEBUG:simulator.py:72 -        simulate_step(): Executing Step: 13
DEBUG:simulator.py:84 -        simulate_step(): 	Car C: Rotate Right from West to North. [Success]
DEBUG:simulator.py:72 -        simulate_step(): Executing Step: 14
DEBUG:simulator.py:89 -        simulate_step(): 	Car C: Move Forward North from (1,0) to (1,1). [Success]
DEBUG:simulator.py:72 -        simulate_step(): Executing Step: 15
DEBUG:simulator.py:84 -        simulate_step(): 	Car C: Rotate Right from North to East. [Success]
DEBUG:simulator.py:72 -        simulate_step(): Executing Step: 16
DEBUG:simulator.py:89 -        simulate_step(): 	Car C: Move Forward East from (1,1) to (2,1). [Success]
DEBUG:simulator.py:72 -        simulate_step(): Executing Step: 17
DEBUG:simulator.py:84 -        simulate_step(): 	Car C: Rotate Right from East to South. [Success]
DEBUG:simulator.py:72 -        simulate_step(): Executing Step: 18
DEBUG:simulator.py:89 -        simulate_step(): 	Car C: Move Forward South from (2,1) to (2,0). [Success]
DEBUG:simulator.py:72 -        simulate_step(): Executing Step: 19
DEBUG:simulator.py:81 -        simulate_step(): 	Car C: Rotate Left from South to East. [Success]
DEBUG:simulator.py:72 -        simulate_step(): Executing Step: 20
DEBUG:simulator.py:81 -        simulate_step(): 	Car C: Rotate Left from East to North. [Success]
DEBUG:simulator.py:72 -        simulate_step(): Executing Step: 21
DEBUG:simulator.py:89 -        simulate_step(): 	Car C: Move Forward North from (2,0) to (2,1). [Success]
DEBUG:simulator.py:72 -        simulate_step(): Executing Step: 22
DEBUG:simulator.py:89 -        simulate_step(): 	Car C: Move Forward North from (2,1) to (2,2). [Success]
DEBUG:simulator.py:72 -        simulate_step(): Executing Step: 0
DEBUG:simulator.py:89 -        simulate_step(): 	Car A: Move Forward North from (1,2) to (1,3). [Success]
DEBUG:simulator.py:72 -        simulate_step(): Executing Step: 1
DEBUG:simulator.py:89 -        simulate_step(): 	Car A: Move Forward North from (1,3) to (1,4). [Success]
DEBUG:simulator.py:72 -        simulate_step(): Executing Step: 2
DEBUG:simulator.py:84 -        simulate_step(): 	Car A: Rotate Right from North to East. [Success]
DEBUG:simulator.py:72 -        simulate_step(): Executing Step: 3
DEBUG:simulator.py:89 -        simulate_step(): 	Car A: Move Forward East from (1,4) to (2,4). [Success]
DEBUG:simulator.py:72 -        simulate_step(): Executing Step: 4
DEBUG:simulator.py:89 -        simulate_step(): 	Car A: Move Forward East from (2,4) to (3,4). [Success]
DEBUG:simulator.py:72 -        simulate_step(): Executing Step: 5
DEBUG:simulator.py:89 -        simulate_step(): 	Car A: Move Forward East from (3,4) to (4,4). [Success]
DEBUG:simulator.py:72 -        simulate_step(): Executing Step: 6
DEBUG:simulator.py:89 -        simulate_step(): 	Car A: Move Forward East from (4,4) to (5,4). [Success]
DEBUG:simulator.py:72 -        simulate_step(): Executing Step: 7
DEBUG:simulator.py:84 -        simulate_step(): 	Car A: Rotate Right from East to South. [Success]
DEBUG:simulator.py:72 -        simulate_step(): Executing Step: 8
DEBUG:simulator.py:84 -        simulate_step(): 	Car A: Rotate Right from South to West. [Success]
DEBUG:simulator.py:72 -        simulate_step(): Executing Step: 9
DEBUG:simulator.py:81 -        simulate_step(): 	Car A: Rotate Left from West to South. [Success]
DEBUG:simulator.py:72 -        simulate_step(): Executing Step: 0
DEBUG:simulator.py:91 -        simulate_step(): 	Car A: Move Forward North from (0,0) to (0,1). [Failed]
DEBUG:simulator.py:72 -        simulate_step(): Executing Step: 1
DEBUG:simulator.py:91 -        simulate_step(): 	Car A: Move Forward North from (0,0) to (0,1). [Failed]
DEBUG:simulator.py:72 -        simulate_step(): Executing Step: 2
DEBUG:simulator.py:91 -        simulate_step(): 	Car A: Move Forward North from (0,0) to (0,1). [Failed]
DEBUG:simulator.py:72 -        simulate_step(): Executing Step: 0
DEBUG:simulator.py:89 -        simulate_step(): 	Car A: Move Forward North from (1,2) to (1,3). [Success]
DEBUG:simulator.py:89 -        simulate_step(): 	Car b: Move Forward West from (7,8) to (6,8). [Success]
DEBUG:simulator.py:72 -        simulate_step(): Executing Step: 1
DEBUG:simulator.py:89 -        simulate_step(): 	Car A: Move Forward North from (1,3) to (1,4). [Success]
DEBUG:simulator.py:89 -        simulate_step(): 	Car b: Move Forward West from (6,8) to (5,8). [Success]
DEBUG:simulator.py:72 -        simulate_step(): Executing Step: 2
DEBUG:simulator.py:84 -        simulate_step(): 	Car A: Rotate Right from North to East. [Success]
DEBUG:simulator.py:81 -        simulate_step(): 	Car b: Rotate Left from West to South. [Success]
DEBUG:simulator.py:72 -        simulate_step(): Executing Step: 3
DEBUG:simulator.py:89 -        simulate_step(): 	Car A: Move Forward East from (1,4) to (2,4). [Success]
DEBUG:simulator.py:89 -        simulate_step(): 	Car b: Move Forward South from (5,8) to (5,7). [Success]
DEBUG:simulator.py:72 -        simulate_step(): Executing Step: 4
DEBUG:simulator.py:89 -        simulate_step(): 	Car A: Move Forward East from (2,4) to (3,4). [Success]
DEBUG:simulator.py:89 -        simulate_step(): 	Car b: Move Forward South from (5,7) to (5,6). [Success]
DEBUG:simulator.py:72 -        simulate_step(): Executing Step: 5
DEBUG:simulator.py:89 -        simulate_step(): 	Car A: Move Forward East from (3,4) to (4,4). [Success]
DEBUG:simulator.py:89 -        simulate_step(): 	Car b: Move Forward South from (5,6) to (5,5). [Success]
DEBUG:simulator.py:72 -        simulate_step(): Executing Step: 6
DEBUG:simulator.py:89 -        simulate_step(): 	Car A: Move Forward East from (4,4) to (5,4). [Success]
DEBUG:simulator.py:89 -        simulate_step(): 	Car b: Move Forward South from (5,5) to (5,4). [Success]
DEBUG:simulator.py:72 -        simulate_step(): Executing Step: 0
DEBUG:simulator.py:89 -        simulate_step(): 	Car A: Move Forward North from (0,0) to (0,1). [Success]
DEBUG:simulator.py:72 -        simulate_step(): Executing Step: 1
DEBUG:simulator.py:89 -        simulate_step(): 	Car A: Move Forward North from (0,1) to (0,2). [Success]
DEBUG:simulator.py:72 -        simulate_step(): Executing Step: 2
DEBUG:simulator.py:89 -        simulate_step(): 	Car A: Move Forward North from (0,2) to (0,3). [Success]
DEBUG:simulator.py:72 -        simulate_step(): Executing Step: 3
DEBUG:simulator.py:89 -        simulate_step(): 	Car A: Move Forward North from (0,3) to (0,4). [Success]
DEBUG:simulator.py:72 -        simulate_step(): Executing Step: 0
DEBUG:simulator.py:89 -        simulate_step(): 	Car New Car: Move Forward North from (0,0) to (0,1). [Success]
DEBUG:simulator.py:89 -        simulate_step(): 	Car New Car 2: Move Forward West from (1,1) to (0,1). [Success]
DEBUG:simulator.py:72 -        simulate_step(): Executing Step: 0
DEBUG:simulator.py:91 -        simulate_step(): 	Car A: Move Forward North from (9,9) to (9,10). [Failed]
DEBUG:simulator.py:72 -        simulate_step(): Executing Step: 1
DEBUG:simulator.py:91 -        simulate_step(): 	Car A: Move Forward North from (9,9) to (9,10). [Failed]
DEBUG:simulator.py:72 -        simulate_step(): Executing Step: 2
DEBUG:simulator.py:91 -        simulate_step(): 	Car A: Move Forward North from (9,9) to (9,10). [Failed]
DEBUG:simulator.py:72 -        simulate_step(): Executing Step: 0
DEBUG:simulator.py:89 -        simulate_step(): 	Car Car_A: Move Forward North from (0,0) to (0,1). [Success]
DEBUG:simulator.py:89 -        simulate_step(): 	Car Car_B: Move Forward South from (499,499) to (499,498). [Success]
DEBUG:simulator.py:72 -        simulate_step(): Executing Step: 1
DEBUG:simulator.py:89 -        simulate_step(): 	Car Car_A: Move Forward North from (0,1) to (0,2). [Success]
DEBUG:simulator.py:89 -        simulate_step(): 	Car Car_B: Move Forward South from (499,498) to (499,497). [Success]
DEBUG:simulator.py:72 -        simulate_step(): Executing Step: 2
DEBUG:simulator.py:89 -        simulate_step(): 	Car Car_A: Move Forward North from (0,2) to (0,3). [Success]
DEBUG:simulator.py:89 -        simulate_step(): 	Car Car_B: Move Forward South from (499,497) to (499,496). [Success]
DEBUG:simulator.py:72 -        simulate_step(): Executing Step: 3
DEBUG:simulator.py:84 -        simulate_step(): 	Car Car_A: Rotate Right from North to East. [Success]
DEBUG:simulator.py:84 -        simulate_step(): 	Car Car_B: Rotate Right from South to West. [Success]
DEBUG:simulator.py:72 -        simulate_step(): Executing Step: 4
DEBUG:simulator.py:89 -        simulate_step(): 	Car Car_A: Move Forward East from (0,3) to (1,3). [Success]
DEBUG:simulator.py:84 -        simulate_step(): 	Car Car_B: Rotate Right from West to North. [Success]
DEBUG:simulator.py:72 -        simulate_step(): Executing Step: 5
DEBUG:simulator.py:89 -        simulate_step(): 	Car Car_A: Move Forward East from (1,3) to (2,3). [Success]
DEBUG:simulator.py:84 -        simulate_step(): 	Car Car_B: Rotate Right from North to East. [Success]
DEBUG:simulator.py:72 -        simulate_step(): Executing Step: 6
DEBUG:simulator.py:89 -        simulate_step(): 	Car Car_A: Move Forward East from (2,3) to (3,3). [Success]
DEBUG:simulator.py:91 -        simulate_step(): 	Car Car_B: Move Forward East from (499,496) to (500,496). [Failed]
DEBUG:simulator.py:72 -        simulate_step(): Executing Step: 7
DEBUG:simulator.py:84 -        simulate_step(): 	Car Car_A: Rotate Right from East to South. [Success]
DEBUG:simulator.py:91 -        simulate_step(): 	Car Car_B: Move Forward East from (499,496) to (500,496). [Failed]
DEBUG:simulator.py:72 -        simulate_step(): Executing Step: 8
DEBUG:simulator.py:89 -        simulate_step(): 	Car Car_A: Move Forward South from (3,3) to (3,2). [Success]
DEBUG:simulator.py:91 -        simulate_step(): 	Car Car_B: Move Forward East from (499,496) to (500,496). [Failed]
DEBUG:simulator.py:72 -        simulate_step(): Executing Step: 9
DEBUG:simulator.py:89 -        simulate_step(): 	Car Car_A: Move Forward South from (3,2) to (3,1). [Success]
DEBUG:simulator.py:84 -        simulate_step(): 	Car Car_B: Rotate Right from East to South. [Success]
DEBUG:simulator.py:72 -        simulate_step(): Executing Step: 10
DEBUG:simulator.py:89 -        simulate_step(): 	Car Car_A: Move Forward South from (3,1) to (3,0). [Success]
DEBUG:simulator.py:84 -        simulate_step(): 	Car Car_B: Rotate Right from South to West. [Success]
DEBUG:simulator.py:72 -        simulate_step(): Executing Step: 11
DEBUG:simulator.py:84 -        simulate_step(): 	Car Car_A: Rotate Right from South to West. [Success]
DEBUG:simulator.py:84 -        simulate_step(): 	Car Car_B: Rotate Right from West to North. [Success]
DEBUG:simulator.py:72 -        simulate_step(): Executing Step: 12
DEBUG:simulator.py:84 -        simulate_step(): 	Car Car_A: Rotate Right from West to North. [Success]
DEBUG:simulator.py:89 -        simulate_step(): 	Car Car_B: Move Forward North from (499,496) to (499,497). [Success]
DEBUG:simulator.py:72 -        simulate_step(): Executing Step: 13
DEBUG:simulator.py:84 -        simulate_step(): 	Car Car_A: Rotate Right from North to East. [Success]
DEBUG:simulator.py:89 -        simulate_step(): 	Car Car_B: Move Forward North from (499,497) to (499,498). [Success]
DEBUG:simulator.py:72 -        simulate_step(): Executing Step: 14
DEBUG:simulator.py:89 -        simulate_step(): 	Car Car_A: Move Forward East from (3,0) to (4,0). [Success]
DEBUG:simulator.py:84 -        simulate_step(): 	Car Car_B: Rotate Right from North to East. [Success]
DEBUG:simulator.py:72 -        simulate_step(): Executing Step: 15
DEBUG:simulator.py:89 -        simulate_step(): 	Car Car_A: Move Forward East from (4,0) to (5,0). [Success]
DEBUG:simulator.py:84 -        simulate_step(): 	Car Car_B: Rotate Right from East to South. [Success]
DEBUG:simulator.py:72 -        simulate_step(): Executing Step: 16
DEBUG:simulator.py:89 -        simulate_step(): 	Car Car_A: Move Forward East from (5,0) to (6,0). [Success]
DEBUG:simulator.py:89 -        simulate_step(): 	Car Car_B: Move Forward South from (499,498) to (499,497). [Success]
DEBUG:simulator.py:72 -        simulate_step(): Executing Step: 17
DEBUG:simulator.py:84 -        simulate_step(): 	Car Car_A: Rotate Right from East to South. [Success]
DEBUG:simulator.py:84 -        simulate_step(): 	Car Car_B: Rotate Right from South to West. [Success]
DEBUG:simulator.py:72 -        simulate_step(): Executing Step: 18
DEBUG:simulator.py:84 -        simulate_step(): 	Car Car_A: Rotate Right from South to West. [Success]
DEBUG:simulator.py:89 -        simulate_step(): 	Car Car_B: Move Forward West from (499,497) to (498,497). [Success]
DEBUG:simulator.py:72 -        simulate_step(): Executing Step: 19
DEBUG:simulator.py:84 -        simulate_step(): 	Car Car_A: Rotate Right from West to North. [Success]
DEBUG:simulator.py:84 -        simulate_step(): 	Car Car_B: Rotate Right from West to North. [Success]
DEBUG:simulator.py:72 -        simulate_step(): Executing Step: 20
DEBUG:simulator.py:89 -        simulate_step(): 	Car Car_B: Move Forward North from (498,497) to (498,498). [Success]
DEBUG:simulator.py:72 -        simulate_step(): Executing Step: 21
DEBUG:simulator.py:84 -        simulate_step(): 	Car Car_B: Rotate Right from North to East. [Success]
DEBUG:simulator.py:72 -        simulate_step(): Executing Step: 22
DEBUG:simulator.py:89 -        simulate_step(): 	Car Car_B: Move Forward East from (498,498) to (499,498). [Success]
DEBUG:simulator.py:72 -        simulate_step(): Executing Step: 23
DEBUG:simulator.py:84 -        simulate_step(): 	Car Car_B: Rotate Right from East to South. [Success]
DEBUG:simulator.py:72 -        simulate_step(): Executing Step: 0
DEBUG:simulator.py:89 -        simulate_step(): 	Car A: Move Forward North from (1,7) to (1,8). [Success]
DEBUG:simulator.py:84 -        simulate_step(): 	Car B: Rotate Right from East to South. [Success]
DEBUG:simulator.py:89 -        simulate_step(): 	Car C: Move Forward South from (0,4) to (0,3). [Success]
DEBUG:simulator.py:89 -        simulate_step(): 	Car D: Move Forward South from (0,3) to (0,2). [Success]
DEBUG:simulator.py:81 -        simulate_step(): 	Car E: Rotate Left from South to East. [Success]
DEBUG:simulator.py:72 -        simulate_step(): Executing Step: 1
DEBUG:simulator.py:89 -        simulate_step(): 	Car A: Move Forward North from (1,8) to (1,9). [Success]
DEBUG:simulator.py:84 -        simulate_step(): 	Car B: Rotate Right from South to West. [Success]
DEBUG:simulator.py:89 -        simulate_step(): 	Car C: Move Forward South from (0,3) to (0,2). [Success]
DEBUG:simulator.py:89 -        simulate_step(): 	Car D: Move Forward South from (0,2) to (0,1). [Success]
DEBUG:simulator.py:81 -        simulate_step(): 	Car E: Rotate Left from East to North. [Success]
DEBUG:simulator.py:72 -        simulate_step(): Executing Step: 2
DEBUG:simulator.py:89 -        simulate_step(): 	Car A: Move Forward North from (1,9) to (1,10). [Success]
DEBUG:simulator.py:81 -        simulate_step(): 	Car B: Rotate Left from West to South. [Success]
DEBUG:simulator.py:89 -        simulate_step(): 	Car C: Move Forward South from (0,2) to (0,1). [Success]
DEBUG:simulator.py:89 -        simulate_step(): 	Car D: Move Forward South from (0,1) to (0,0). [Success]
DEBUG:simulator.py:89 -        simulate_step(): 	Car E: Move Forward North from (0,0) to (0,1). [Success]
DEBUG:simulator.py:72 -        simulate_step(): Executing Step: 3
DEBUG:simulator.py:81 -        simulate_step(): 	Car A: Rotate Left from North to West. [Success]
DEBUG:simulator.py:84 -        simulate_step(): 	Car B: Rotate Right from South to West. [Success]
DEBUG:simulator.py:91 -        simulate_step(): 	Car D: Move Forward South from (0,0) to (0,-1). [Failed]
DEBUG:simulator.py:72 -        simulate_step(): Executing Step: 4
DEBUG:simulator.py:89 -        simulate_step(): 	Car A: Move Forward West from (1,10) to (0,10). [Success]
DEBUG:simulator.py:84 -        simulate_step(): 	Car B: Rotate Right from West to North. [Success]
DEBUG:simulator.py:91 -        simulate_step(): 	Car D: Move Forward South from (0,0) to (0,-1). [Failed]
DEBUG:simulator.py:72 -        simulate_step(): Executing Step: 5
DEBUG:simulator.py:91 -        simulate_step(): 	Car D: Move Forward South from (0,0) to (0,-1). [Failed]
DEBUG:simulator.py:72 -        simulate_step(): Executing Step: 6
DEBUG:simulator.py:91 -        simulate_step(): 	Car D: Move Forward South from (0,0) to (0,-1). [Failed]
DEBUG:simulator.py:72 -        simulate_step(): Executing Step: 7
DEBUG:simulator.py:91 -        simulate_step(): 	Car D: Move Forward South from (0,0) to (0,-1). [Failed]
DEBUG:simulator.py:72 -        simulate_step(): Executing Step: 8
DEBUG:simulator.py:91 -        simulate_step(): 	Car D: Move Forward South from (0,0) to (0,-1). [Failed]
DEBUG:simulator.py:72 -        simulate_step(): Executing Step: 9
DEBUG:simulator.py:91 -        simulate_step(): 	Car D: Move Forward South from (0,0) to (0,-1). [Failed]
DEBUG:simulator.py:72 -        simulate_step(): Executing Step: 10
DEBUG:simulator.py:91 -        simulate_step(): 	Car D: Move Forward South from (0,0) to (0,-1). [Failed]
DEBUG:simulator.py:72 -        simulate_step(): Executing Step: 11
DEBUG:simulator.py:91 -        simulate_step(): 	Car D: Move Forward South from (0,0) to (0,-1). [Failed]
DEBUG:simulator.py:72 -        simulate_step(): Executing Step: 12
DEBUG:simulator.py:91 -        simulate_step(): 	Car D: Move Forward South from (0,0) to (0,-1). [Failed]
DEBUG:simulator.py:72 -        simulate_step(): Executing Step: 13
DEBUG:simulator.py:91 -        simulate_step(): 	Car D: Move Forward South from (0,0) to (0,-1). [Failed]
DEBUG:simulator.py:72 -        simulate_step(): Executing Step: 14
DEBUG:simulator.py:91 -        simulate_step(): 	Car D: Move Forward South from (0,0) to (0,-1). [Failed]
DEBUG:simulator.py:72 -        simulate_step(): Executing Step: 15
DEBUG:simulator.py:91 -        simulate_step(): 	Car D: Move Forward South from (0,0) to (0,-1). [Failed]
DEBUG:simulator.py:72 -        simulate_step(): Executing Step: 16
DEBUG:simulator.py:91 -        simulate_step(): 	Car D: Move Forward South from (0,0) to (0,-1). [Failed]
DEBUG:simulator.py:72 -        simulate_step(): Executing Step: 17
DEBUG:simulator.py:84 -        simulate_step(): 	Car D: Rotate Right from South to West. [Success]
DEBUG:simulator.py:72 -        simulate_step(): Executing Step: 18
DEBUG:simulator.py:91 -        simulate_step(): 	Car D: Move Forward West from (0,0) to (-1,0). [Failed]
DEBUG:simulator.py:72 -        simulate_step(): Executing Step: 19
DEBUG:simulator.py:81 -        simulate_step(): 	Car D: Rotate Left from West to South. [Success]
DEBUG:simulator.py:72 -        simulate_step(): Executing Step: 20
DEBUG:simulator.py:91 -        simulate_step(): 	Car D: Move Forward South from (0,0) to (0,-1). [Failed]
DEBUG:simulator.py:72 -        simulate_step(): Executing Step: 0
DEBUG:simulator.py:89 -        simulate_step(): 	Car A: Move Forward North from (1,7) to (1,8). [Success]
DEBUG:simulator.py:84 -        simulate_step(): 	Car B: Rotate Right from East to South. [Success]
DEBUG:simulator.py:89 -        simulate_step(): 	Car C: Move Forward South from (0,4) to (0,3). [Success]
DEBUG:simulator.py:89 -        simulate_step(): 	Car D: Move Forward South from (0,3) to (0,2). [Success]
DEBUG:simulator.py:81 -        simulate_step(): 	Car E: Rotate Left from South to East. [Success]
DEBUG:simulator.py:84 -        simulate_step(): 	Car F: Rotate Right from South to West. [Success]
DEBUG:simulator.py:89 -        simulate_step(): 	Car G: Move Forward East from (1,1) to (2,1). [Success]
DEBUG:simulator.py:89 -        simulate_step(): 	Car H: Move Forward West from (20,10) to (19,10). [Success]
DEBUG:simulator.py:89 -        simulate_step(): 	Car I: Move Forward North from (18,18) to (18,19). [Success]
DEBUG:simulator.py:72 -        simulate_step(): Executing Step: 1
DEBUG:simulator.py:89 -        simulate_step(): 	Car A: Move Forward North from (1,8) to (1,9). [Success]
DEBUG:simulator.py:84 -        simulate_step(): 	Car B: Rotate Right from South to West. [Success]
DEBUG:simulator.py:89 -        simulate_step(): 	Car C: Move Forward South from (0,3) to (0,2). [Success]
DEBUG:simulator.py:89 -        simulate_step(): 	Car D: Move Forward South from (0,2) to (0,1). [Success]
DEBUG:simulator.py:81 -        simulate_step(): 	Car E: Rotate Left from East to North. [Success]
DEBUG:simulator.py:84 -        simulate_step(): 	Car F: Rotate Right from West to North. [Success]
DEBUG:simulator.py:89 -        simulate_step(): 	Car G: Move Forward East from (2,1) to (3,1). [Success]
DEBUG:simulator.py:89 -        simulate_step(): 	Car H: Move Forward West from (19,10) to (18,10). [Success]
DEBUG:simulator.py:89 -        simulate_step(): 	Car I: Move Forward North from (18,19) to (18,20). [Success]
DEBUG:simulator.py:72 -        simulate_step(): Executing Step: 2
DEBUG:simulator.py:89 -        simulate_step(): 	Car A: Move Forward North from (1,9) to (1,10). [Success]
DEBUG:simulator.py:81 -        simulate_step(): 	Car B: Rotate Left from West to South. [Success]
DEBUG:simulator.py:89 -        simulate_step(): 	Car C: Move Forward South from (0,2) to (0,1). [Success]
DEBUG:simulator.py:89 -        simulate_step(): 	Car D: Move Forward South from (0,1) to (0,0). [Success]
DEBUG:simulator.py:89 -        simulate_step(): 	Car E: Move Forward North from (0,0) to (0,1). [Success]
DEBUG:simulator.py:81 -        simulate_step(): 	Car F: Rotate Left from North to West. [Success]
DEBUG:simulator.py:81 -        simulate_step(): 	Car G: Rotate Left from East to North. [Success]
DEBUG:simulator.py:89 -        simulate_step(): 	Car H: Move Forward West from (18,10) to (17,10). [Success]
DEBUG:simulator.py:89 -        simulate_step(): 	Car I: Move Forward North from (18,20) to (18,21). [Success]
DEBUG:simulator.py:72 -        simulate_step(): Executing Step: 3
DEBUG:simulator.py:81 -        simulate_step(): 	Car A: Rotate Left from North to West. [Success]
DEBUG:simulator.py:84 -        simulate_step(): 	Car B: Rotate Right from South to West. [Success]
DEBUG:simulator.py:91 -        simulate_step(): 	Car D: Move Forward South from (0,0) to (0,-1). [Failed]
DEBUG:simulator.py:81 -        simulate_step(): 	Car F: Rotate Left from West to South. [Success]
DEBUG:simulator.py:89 -        simulate_step(): 	Car G: Move Forward North from (3,1) to (3,2). [Success]
DEBUG:simulator.py:89 -        simulate_step(): 	Car H: Move Forward West from (17,10) to (16,10). [Success]
DEBUG:simulator.py:89 -        simulate_step(): 	Car I: Move Forward North from (18,21) to (18,22). [Success]
DEBUG:simulator.py:72 -        simulate_step(): Executing Step: 4
DEBUG:simulator.py:89 -        simulate_step(): 	Car A: Move Forward West from (1,10) to (0,10). [Success]
DEBUG:simulator.py:84 -        simulate_step(): 	Car B: Rotate Right from West to North. [Success]
DEBUG:simulator.py:91 -        simulate_step(): 	Car D: Move Forward South from (0,0) to (0,-1). [Failed]
DEBUG:simulator.py:89 -        simulate_step(): 	Car F: Move Forward South from (0,17) to (0,16). [Success]
DEBUG:simulator.py:89 -        simulate_step(): 	Car G: Move Forward North from (3,2) to (3,3). [Success]
DEBUG:simulator.py:89 -        simulate_step(): 	Car H: Move Forward West from (16,10) to (15,10). [Success]
DEBUG:simulator.py:89 -        simulate_step(): 	Car I: Move Forward North from (18,22) to (18,23). [Success]
DEBUG:simulator.py:72 -        simulate_step(): Executing Step: 5
DEBUG:simulator.py:91 -        simulate_step(): 	Car D: Move Forward South from (0,0) to (0,-1). [Failed]
DEBUG:simulator.py:84 -        simulate_step(): 	Car F: Rotate Right from South to West. [Success]
DEBUG:simulator.py:89 -        simulate_step(): 	Car G: Move Forward North from (3,3) to (3,4). [Success]
DEBUG:simulator.py:89 -        simulate_step(): 	Car H: Move Forward West from (15,10) to (14,10). [Success]
DEBUG:simulator.py:84 -        simulate_step(): 	Car I: Rotate Right from North to East. [Success]
DEBUG:simulator.py:72 -        simulate_step(): Executing Step: 6
DEBUG:simulator.py:91 -        simulate_step(): 	Car D: Move Forward South from (0,0) to (0,-1). [Failed]
DEBUG:simulator.py:84 -        simulate_step(): 	Car F: Rotate Right from West to North. [Success]
DEBUG:simulator.py:89 -        simulate_step(): 	Car G: Move Forward North from (3,4) to (3,5). [Success]
DEBUG:simulator.py:89 -        simulate_step(): 	Car H: Move Forward West from (14,10) to (13,10). [Success]
DEBUG:simulator.py:89 -        simulate_step(): 	Car I: Move Forward East from (18,23) to (19,23). [Success]
DEBUG:simulator.py:72 -        simulate_step(): Executing Step: 7
DEBUG:simulator.py:91 -        simulate_step(): 	Car D: Move Forward South from (0,0) to (0,-1). [Failed]
DEBUG:simulator.py:84 -        simulate_step(): 	Car F: Rotate Right from North to East. [Success]
DEBUG:simulator.py:89 -        simulate_step(): 	Car G: Move Forward North from (3,5) to (3,6). [Success]
DEBUG:simulator.py:89 -        simulate_step(): 	Car H: Move Forward West from (13,10) to (12,10). [Success]
DEBUG:simulator.py:84 -        simulate_step(): 	Car I: Rotate Right from East to South. [Success]
DEBUG:simulator.py:72 -        simulate_step(): Executing Step: 8
DEBUG:simulator.py:91 -        simulate_step(): 	Car D: Move Forward South from (0,0) to (0,-1). [Failed]
DEBUG:simulator.py:84 -        simulate_step(): 	Car F: Rotate Right from East to South. [Success]
DEBUG:simulator.py:89 -        simulate_step(): 	Car G: Move Forward North from (3,6) to (3,7). [Success]
DEBUG:simulator.py:89 -        simulate_step(): 	Car H: Move Forward West from (12,10) to (11,10). [Success]
DEBUG:simulator.py:89 -        simulate_step(): 	Car I: Move Forward South from (19,23) to (19,22). [Success]
DEBUG:simulator.py:72 -        simulate_step(): Executing Step: 9
DEBUG:simulator.py:91 -        simulate_step(): 	Car D: Move Forward South from (0,0) to (0,-1). [Failed]
DEBUG:simulator.py:89 -        simulate_step(): 	Car F: Move Forward South from (0,16) to (0,15). [Success]
DEBUG:simulator.py:89 -        simulate_step(): 	Car G: Move Forward North from (3,7) to (3,8). [Success]
DEBUG:simulator.py:89 -        simulate_step(): 	Car H: Move Forward West from (11,10) to (10,10). [Success]
DEBUG:simulator.py:84 -        simulate_step(): 	Car I: Rotate Right from South to West. [Success]
DEBUG:simulator.py:72 -        simulate_step(): Executing Step: 10
DEBUG:simulator.py:91 -        simulate_step(): 	Car D: Move Forward South from (0,0) to (0,-1). [Failed]
DEBUG:simulator.py:89 -        simulate_step(): 	Car F: Move Forward South from (0,15) to (0,14). [Success]
DEBUG:simulator.py:89 -        simulate_step(): 	Car G: Move Forward North from (3,8) to (3,9). [Success]
DEBUG:simulator.py:89 -        simulate_step(): 	Car H: Move Forward West from (10,10) to (9,10). [Success]
DEBUG:simulator.py:89 -        simulate_step(): 	Car I: Move Forward West from (19,22) to (18,22). [Success]
DEBUG:simulator.py:72 -        simulate_step(): Executing Step: 11
DEBUG:simulator.py:91 -        simulate_step(): 	Car D: Move Forward South from (0,0) to (0,-1). [Failed]
DEBUG:simulator.py:81 -        simulate_step(): 	Car F: Rotate Left from South to East. [Success]
DEBUG:simulator.py:81 -        simulate_step(): 	Car G: Rotate Left from North to West. [Success]
DEBUG:simulator.py:89 -        simulate_step(): 	Car H: Move Forward West from (9,10) to (8,10). [Success]
DEBUG:simulator.py:84 -        simulate_step(): 	Car I: Rotate Right from West to North. [Success]
DEBUG:simulator.py:72 -        simulate_step(): Executing Step: 12
DEBUG:simulator.py:91 -        simulate_step(): 	Car D: Move Forward South from (0,0) to (0,-1). [Failed]
DEBUG:simulator.py:81 -        simulate_step(): 	Car F: Rotate Left from East to North. [Success]
DEBUG:simulator.py:89 -        simulate_step(): 	Car G: Move Forward West from (3,9) to (2,9). [Success]
DEBUG:simulator.py:89 -        simulate_step(): 	Car H: Move Forward West from (8,10) to (7,10). [Success]
DEBUG:simulator.py:89 -        simulate_step(): 	Car I: Move Forward North from (18,22) to (18,23). [Success]
DEBUG:simulator.py:72 -        simulate_step(): Executing Step: 13
DEBUG:simulator.py:91 -        simulate_step(): 	Car D: Move Forward South from (0,0) to (0,-1). [Failed]
DEBUG:simulator.py:81 -        simulate_step(): 	Car F: Rotate Left from North to West. [Success]
DEBUG:simulator.py:89 -        simulate_step(): 	Car G: Move Forward West from (2,9) to (1,9). [Success]
DEBUG:simulator.py:89 -        simulate_step(): 	Car H: Move Forward West from (7,10) to (6,10). [Success]
DEBUG:simulator.py:84 -        simulate_step(): 	Car I: Rotate Right from North to East. [Success]
DEBUG:simulator.py:72 -        simulate_step(): Executing Step: 14
DEBUG:simulator.py:91 -        simulate_step(): 	Car D: Move Forward South from (0,0) to (0,-1). [Failed]
DEBUG:simulator.py:81 -        simulate_step(): 	Car F: Rotate Left from West to South. [Success]
DEBUG:simulator.py:89 -        simulate_step(): 	Car G: Move Forward West from (1,9) to (0,9). [Success]
DEBUG:simulator.py:89 -        simulate_step(): 	Car H: Move Forward West from (6,10) to (5,10). [Success]
DEBUG:simulator.py:89 -        simulate_step(): 	Car I: Move Forward East from (18,23) to (19,23). [Success]
DEBUG:simulator.py:72 -        simulate_step(): Executing Step: 15
DEBUG:simulator.py:91 -        simulate_step(): 	Car D: Move Forward South from (0,0) to (0,-1). [Failed]
DEBUG:simulator.py:89 -        simulate_step(): 	Car F: Move Forward South from (0,14) to (0,13). [Success]
DEBUG:simulator.py:91 -        simulate_step(): 	Car G: Move Forward West from (0,9) to (-1,9). [Failed]
DEBUG:simulator.py:89 -        simulate_step(): 	Car H: Move Forward West from (5,10) to (4,10). [Success]
DEBUG:simulator.py:84 -        simulate_step(): 	Car I: Rotate Right from East to South. [Success]
DEBUG:simulator.py:72 -        simulate_step(): Executing Step: 16
DEBUG:simulator.py:91 -        simulate_step(): 	Car D: Move Forward South from (0,0) to (0,-1). [Failed]
DEBUG:simulator.py:89 -        simulate_step(): 	Car F: Move Forward South from (0,13) to (0,12). [Success]
DEBUG:simulator.py:81 -        simulate_step(): 	Car G: Rotate Left from West to South. [Success]
DEBUG:simulator.py:89 -        simulate_step(): 	Car H: Move Forward West from (4,10) to (3,10). [Success]
DEBUG:simulator.py:89 -        simulate_step(): 	Car I: Move Forward South from (19,23) to (19,22). [Success]
DEBUG:simulator.py:72 -        simulate_step(): Executing Step: 17
DEBUG:simulator.py:84 -        simulate_step(): 	Car D: Rotate Right from South to West. [Success]
DEBUG:simulator.py:89 -        simulate_step(): 	Car F: Move Forward South from (0,12) to (0,11). [Success]
DEBUG:simulator.py:84 -        simulate_step(): 	Car G: Rotate Right from South to West. [Success]
DEBUG:simulator.py:89 -        simulate_step(): 	Car H: Move Forward West from (3,10) to (2,10). [Success]
DEBUG:simulator.py:84 -        simulate_step(): 	Car I: Rotate Right from South to West. [Success]
DEBUG:simulator.py:72 -        simulate_step(): Executing Step: 18
DEBUG:simulator.py:91 -        simulate_step(): 	Car D: Move Forward West from (0,0) to (-1,0). [Failed]
DEBUG:simulator.py:89 -        simulate_step(): 	Car F: Move Forward South from (0,11) to (0,10). [Success]
DEBUG:simulator.py:84 -        simulate_step(): 	Car G: Rotate Right from West to North. [Success]
DEBUG:simulator.py:89 -        simulate_step(): 	Car H: Move Forward West from (2,10) to (1,10). [Success]
DEBUG:simulator.py:89 -        simulate_step(): 	Car I: Move Forward West from (19,22) to (18,22). [Success]
DEBUG:simulator.py:72 -        simulate_step(): Executing Step: 19
DEBUG:simulator.py:81 -        simulate_step(): 	Car D: Rotate Left from West to South. [Success]
DEBUG:simulator.py:81 -        simulate_step(): 	Car G: Rotate Left from North to West. [Success]
DEBUG:simulator.py:89 -        simulate_step(): 	Car H: Move Forward West from (1,10) to (0,10). [Success]
DEBUG:simulator.py:84 -        simulate_step(): 	Car I: Rotate Right from West to North. [Success]
DEBUG:simulator.py:72 -        simulate_step(): Executing Step: 20
DEBUG:simulator.py:91 -        simulate_step(): 	Car D: Move Forward South from (0,0) to (0,-1). [Failed]
DEBUG:simulator.py:84 -        simulate_step(): 	Car G: Rotate Right from West to North. [Success]
DEBUG:simulator.py:89 -        simulate_step(): 	Car I: Move Forward North from (18,22) to (18,23). [Success]
DEBUG:simulator.py:72 -        simulate_step(): Executing Step: 21
DEBUG:simulator.py:89 -        simulate_step(): 	Car G: Move Forward North from (0,9) to (0,10). [Success]
DEBUG:simulator.py:84 -        simulate_step(): 	Car I: Rotate Right from North to East. [Success]
DEBUG:simulator.py:72 -        simulate_step(): Executing Step: 22
DEBUG:simulator.py:89 -        simulate_step(): 	Car I: Move Forward East from (18,23) to (19,23). [Success]
DEBUG:simulator.py:72 -        simulate_step(): Executing Step: 23
DEBUG:simulator.py:84 -        simulate_step(): 	Car I: Rotate Right from East to South. [Success]
DEBUG:simulator.py:72 -        simulate_step(): Executing Step: 24
DEBUG:simulator.py:89 -        simulate_step(): 	Car I: Move Forward South from (19,23) to (19,22). [Success]
DEBUG:simulator.py:72 -        simulate_step(): Executing Step: 25
DEBUG:simulator.py:84 -        simulate_step(): 	Car I: Rotate Right from South to West. [Success]
DEBUG:simulator.py:72 -        simulate_step(): Executing Step: 26
DEBUG:simulator.py:89 -        simulate_step(): 	Car I: Move Forward West from (19,22) to (18,22). [Success]
DEBUG:simulator.py:26 -              add_car(): Car added: A, (3,4) N, FFFFRFFF
DEBUG:simulator.py:42 -             simulate(): Simulate World: (9 x 9), Total Cars: 1
DEBUG:simulator.py:75 -        simulate_step(): Executing Step: 0
DEBUG:simulator.py:92 -        simulate_step(): 	Car A: Move Forward North from (3,4) to (3,5). [Success]
DEBUG:simulator.py:75 -        simulate_step(): Executing Step: 1
DEBUG:simulator.py:92 -        simulate_step(): 	Car A: Move Forward North from (3,5) to (3,6). [Success]
DEBUG:simulator.py:75 -        simulate_step(): Executing Step: 2
DEBUG:simulator.py:92 -        simulate_step(): 	Car A: Move Forward North from (3,6) to (3,7). [Success]
DEBUG:simulator.py:75 -        simulate_step(): Executing Step: 3
DEBUG:simulator.py:92 -        simulate_step(): 	Car A: Move Forward North from (3,7) to (3,8). [Success]
DEBUG:simulator.py:75 -        simulate_step(): Executing Step: 4
DEBUG:simulator.py:87 -        simulate_step(): 	Car A: Rotate Right from North to East. [Success]
DEBUG:simulator.py:75 -        simulate_step(): Executing Step: 5
DEBUG:simulator.py:92 -        simulate_step(): 	Car A: Move Forward East from (3,8) to (4,8). [Success]
DEBUG:simulator.py:75 -        simulate_step(): Executing Step: 6
DEBUG:simulator.py:92 -        simulate_step(): 	Car A: Move Forward East from (4,8) to (5,8). [Success]
DEBUG:simulator.py:75 -        simulate_step(): Executing Step: 7
DEBUG:simulator.py:92 -        simulate_step(): 	Car A: Move Forward East from (5,8) to (6,8). [Success]
DEBUG:simulator.py:46 -              add_car(): Car added: A, (0,0) N, FFF
